c:\users\zhiyuan\documents\visual studio 2013\projects\openglconfig\openglconfig\debug\vc120.pdb
c:\users\zhiyuan\documents\visual studio 2013\projects\openglconfig\openglconfig\debug\vc120.idb
c:\users\zhiyuan\documents\visual studio 2013\projects\openglconfig\openglconfig\debug\main.obj
c:\users\zhiyuan\documents\visual studio 2013\projects\openglconfig\openglconfig\debug\shader_loader.obj
c:\users\zhiyuan\documents\visual studio 2013\projects\openglconfig\openglconfig\debug\gamemodels.obj
c:\users\zhiyuan\documents\visual studio 2013\projects\openglconfig\openglconfig\debug\shader_manager.obj
c:\users\zhiyuan\documents\visual studio 2013\projects\openglconfig\openglconfig\debug\init_glew.obj
c:\users\zhiyuan\documents\visual studio 2013\projects\openglconfig\debug\openglconfig.ilk
c:\users\zhiyuan\documents\visual studio 2013\projects\openglconfig\debug\openglconfig.exe
c:\users\zhiyuan\documents\visual studio 2013\projects\openglconfig\debug\openglconfig.pdb
c:\users\zhiyuan\documents\visual studio 2013\projects\openglconfig\openglconfig\debug\openglconfig.res
c:\users\zhiyuan\documents\visual studio 2013\projects\openglconfig\openglconfig\debug\openglconfig.tlog\cl.command.1.tlog
c:\users\zhiyuan\documents\visual studio 2013\projects\openglconfig\openglconfig\debug\openglconfig.tlog\cl.read.1.tlog
c:\users\zhiyuan\documents\visual studio 2013\projects\openglconfig\openglconfig\debug\openglconfig.tlog\cl.write.1.tlog
c:\users\zhiyuan\documents\visual studio 2013\projects\openglconfig\openglconfig\debug\openglconfig.tlog\link.command.1.tlog
c:\users\zhiyuan\documents\visual studio 2013\projects\openglconfig\openglconfig\debug\openglconfig.tlog\link.read.1.tlog
c:\users\zhiyuan\documents\visual studio 2013\projects\openglconfig\openglconfig\debug\openglconfig.tlog\link.write.1.tlog
c:\users\zhiyuan\documents\visual studio 2013\projects\openglconfig\openglconfig\debug\openglconfig.tlog\rc.command.1.tlog
c:\users\zhiyuan\documents\visual studio 2013\projects\openglconfig\openglconfig\debug\openglconfig.tlog\rc.read.1.tlog
c:\users\zhiyuan\documents\visual studio 2013\projects\openglconfig\openglconfig\debug\openglconfig.tlog\rc.write.1.tlog
